<?xml version="1.0" encoding="UTF-8"?>
<coverage generated="1666897380609" clover="3.2.0">
  <project timestamp="1666897380609" name="All files">
    <metrics statements="82" coveredstatements="4" conditionals="10" coveredconditionals="0" methods="18" coveredmethods="0" elements="110" coveredelements="4" complexity="0" loc="82" ncloc="82" packages="1" files="1" classes="1"/>
    <file name="script.js" path="D:\futureproof\LAP1\fp_lap1_project\WordPush_test_jdom\dist\assets\js\script.js">
      <metrics statements="82" coveredstatements="4" conditionals="10" coveredconditionals="0" methods="18" coveredmethods="0"/>
      <line num="1" count="1" type="stmt"/>
      <line num="2" count="1" type="stmt"/>
      <line num="9" count="0" type="stmt"/>
      <line num="10" count="0" type="stmt"/>
      <line num="11" count="0" type="stmt"/>
      <line num="12" count="0" type="stmt"/>
      <line num="13" count="0" type="stmt"/>
      <line num="14" count="0" type="stmt"/>
      <line num="15" count="0" type="stmt"/>
      <line num="19" count="0" type="stmt"/>
      <line num="20" count="0" type="stmt"/>
      <line num="21" count="0" type="stmt"/>
      <line num="22" count="0" type="stmt"/>
      <line num="27" count="1" type="stmt"/>
      <line num="29" count="0" type="stmt"/>
      <line num="30" count="0" type="stmt"/>
      <line num="31" count="0" type="stmt"/>
      <line num="33" count="0" type="stmt"/>
      <line num="34" count="0" type="stmt"/>
      <line num="43" count="0" type="stmt"/>
      <line num="44" count="0" type="stmt"/>
      <line num="51" count="0" type="stmt"/>
      <line num="52" count="0" type="stmt"/>
      <line num="53" count="0" type="stmt"/>
      <line num="54" count="0" type="stmt"/>
      <line num="55" count="0" type="stmt"/>
      <line num="56" count="0" type="stmt"/>
      <line num="57" count="0" type="stmt"/>
      <line num="76" count="0" type="stmt"/>
      <line num="78" count="0" type="stmt"/>
      <line num="79" count="0" type="stmt"/>
      <line num="81" count="0" type="stmt"/>
      <line num="82" count="0" type="stmt"/>
      <line num="85" count="0" type="stmt"/>
      <line num="86" count="0" type="stmt"/>
      <line num="90" count="0" type="stmt"/>
      <line num="91" count="0" type="stmt"/>
      <line num="92" count="0" type="stmt"/>
      <line num="93" count="0" type="stmt"/>
      <line num="95" count="0" type="stmt"/>
      <line num="96" count="0" type="stmt"/>
      <line num="99" count="0" type="stmt"/>
      <line num="101" count="0" type="stmt"/>
      <line num="103" count="0" type="cond" truecount="0" falsecount="2"/>
      <line num="104" count="0" type="stmt"/>
      <line num="107" count="0" type="stmt"/>
      <line num="108" count="0" type="stmt"/>
      <line num="111" count="0" type="cond" truecount="0" falsecount="4"/>
      <line num="112" count="0" type="stmt"/>
      <line num="113" count="0" type="stmt"/>
      <line num="114" count="0" type="stmt"/>
      <line num="116" count="0" type="stmt"/>
      <line num="120" count="0" type="stmt"/>
      <line num="121" count="0" type="stmt"/>
      <line num="122" count="0" type="stmt"/>
      <line num="123" count="0" type="stmt"/>
      <line num="124" count="0" type="stmt"/>
      <line num="125" count="0" type="stmt"/>
      <line num="126" count="0" type="stmt"/>
      <line num="127" count="0" type="stmt"/>
      <line num="128" count="0" type="stmt"/>
      <line num="142" count="0" type="stmt"/>
      <line num="147" count="0" type="stmt"/>
      <line num="148" count="0" type="stmt"/>
      <line num="149" count="0" type="stmt"/>
      <line num="151" count="0" type="stmt"/>
      <line num="152" count="0" type="stmt"/>
      <line num="156" count="0" type="stmt"/>
      <line num="157" count="0" type="stmt"/>
      <line num="158" count="0" type="stmt"/>
      <line num="159" count="0" type="stmt"/>
      <line num="160" count="0" type="stmt"/>
      <line num="161" count="0" type="stmt"/>
      <line num="162" count="0" type="stmt"/>
      <line num="163" count="0" type="stmt"/>
      <line num="169" count="0" type="stmt"/>
      <line num="170" count="0" type="stmt"/>
      <line num="180" count="0" type="stmt"/>
      <line num="181" count="0" type="stmt"/>
      <line num="182" count="0" type="stmt"/>
      <line num="186" count="0" type="stmt"/>
      <line num="192" count="1" type="stmt"/>
    </file>
  </project>
</coverage>
