{"C:\\Users\\Cammy\\Desktop\\Futureproof\\WordPush\\dist\\assets\\js\\script.js": {"path":"C:\\Users\\Cammy\\Desktop\\Futureproof\\WordPush\\dist\\assets\\js\\script.js","statementMap":{"0":{"start":{"line":1,"column":20},"end":{"line":1,"column":55}},"1":{"start":{"line":2,"column":19},"end":{"line":2,"column":62}},"2":{"start":{"line":8,"column":4},"end":{"line":8,"column":21}},"3":{"start":{"line":9,"column":4},"end":{"line":9,"column":27}},"4":{"start":{"line":10,"column":4},"end":{"line":10,"column":25}},"5":{"start":{"line":11,"column":4},"end":{"line":11,"column":22}},"6":{"start":{"line":12,"column":4},"end":{"line":12,"column":16}},"7":{"start":{"line":13,"column":4},"end":{"line":13,"column":23}},"8":{"start":{"line":14,"column":4},"end":{"line":14,"column":28}},"9":{"start":{"line":18,"column":4},"end":{"line":18,"column":24}},"10":{"start":{"line":19,"column":4},"end":{"line":19,"column":28}},"11":{"start":{"line":20,"column":4},"end":{"line":20,"column":25}},"12":{"start":{"line":21,"column":4},"end":{"line":21,"column":19}},"13":{"start":{"line":26,"column":0},"end":{"line":39,"column":3}},"14":{"start":{"line":27,"column":4},"end":{"line":27,"column":23}},"15":{"start":{"line":29,"column":22},"end":{"line":29,"column":67}},"16":{"start":{"line":30,"column":21},"end":{"line":30,"column":65}},"17":{"start":{"line":31,"column":16},"end":{"line":31,"column":83}},"18":{"start":{"line":33,"column":21},"end":{"line":33,"column":66}},"19":{"start":{"line":34,"column":4},"end":{"line":38,"column":6}},"20":{"start":{"line":44,"column":3},"end":{"line":46,"column":27}},"21":{"start":{"line":45,"column":22},"end":{"line":45,"column":33}},"22":{"start":{"line":53,"column":4},"end":{"line":86,"column":5}},"23":{"start":{"line":53,"column":17},"end":{"line":53,"column":18}},"24":{"start":{"line":54,"column":21},"end":{"line":54,"column":28}},"25":{"start":{"line":55,"column":33},"end":{"line":55,"column":47}},"26":{"start":{"line":56,"column":32},"end":{"line":56,"column":52}},"27":{"start":{"line":57,"column":23},"end":{"line":74,"column":15}},"28":{"start":{"line":76,"column":8},"end":{"line":76,"column":61}},"29":{"start":{"line":78,"column":25},"end":{"line":78,"column":38}},"30":{"start":{"line":79,"column":31},"end":{"line":79,"column":77}},"31":{"start":{"line":81,"column":8},"end":{"line":81,"column":35}},"32":{"start":{"line":82,"column":8},"end":{"line":82,"column":49}},"33":{"start":{"line":83,"column":8},"end":{"line":83,"column":75}},"34":{"start":{"line":85,"column":8},"end":{"line":85,"column":21}},"35":{"start":{"line":88,"column":4},"end":{"line":88,"column":28}},"36":{"start":{"line":89,"column":4},"end":{"line":89,"column":26}},"37":{"start":{"line":93,"column":22},"end":{"line":93,"column":71}},"38":{"start":{"line":94,"column":20},"end":{"line":94,"column":25}},"39":{"start":{"line":95,"column":24},"end":{"line":95,"column":25}},"40":{"start":{"line":96,"column":16},"end":{"line":96,"column":17}},"41":{"start":{"line":98,"column":4},"end":{"line":146,"column":6}},"42":{"start":{"line":99,"column":8},"end":{"line":99,"column":56}},"43":{"start":{"line":102,"column":8},"end":{"line":120,"column":10}},"44":{"start":{"line":104,"column":12},"end":{"line":104,"column":35}},"45":{"start":{"line":106,"column":12},"end":{"line":119,"column":64}},"46":{"start":{"line":107,"column":31},"end":{"line":109,"column":22}},"47":{"start":{"line":110,"column":16},"end":{"line":110,"column":88}},"48":{"start":{"line":111,"column":16},"end":{"line":111,"column":57}},"49":{"start":{"line":114,"column":17},"end":{"line":119,"column":64}},"50":{"start":{"line":115,"column":16},"end":{"line":115,"column":69}},"51":{"start":{"line":116,"column":16},"end":{"line":116,"column":63}},"52":{"start":{"line":117,"column":16},"end":{"line":117,"column":34}},"53":{"start":{"line":119,"column":17},"end":{"line":119,"column":64}},"54":{"start":{"line":123,"column":12},"end":{"line":123,"column":29}},"55":{"start":{"line":124,"column":12},"end":{"line":124,"column":48}},"56":{"start":{"line":125,"column":12},"end":{"line":125,"column":31}},"57":{"start":{"line":126,"column":12},"end":{"line":141,"column":14}},"58":{"start":{"line":127,"column":16},"end":{"line":140,"column":13}},"59":{"start":{"line":128,"column":20},"end":{"line":128,"column":42}},"60":{"start":{"line":129,"column":20},"end":{"line":129,"column":50}},"61":{"start":{"line":130,"column":20},"end":{"line":130,"column":97}},"62":{"start":{"line":131,"column":20},"end":{"line":138,"column":58}},"63":{"start":{"line":145,"column":8},"end":{"line":145,"column":16}},"64":{"start":{"line":150,"column":17},"end":{"line":150,"column":23}},"65":{"start":{"line":151,"column":4},"end":{"line":153,"column":5}},"66":{"start":{"line":151,"column":17},"end":{"line":151,"column":18}},"67":{"start":{"line":152,"column":8},"end":{"line":152,"column":65}},"68":{"start":{"line":154,"column":4},"end":{"line":154,"column":21}},"69":{"start":{"line":155,"column":4},"end":{"line":155,"column":51}},"70":{"start":{"line":159,"column":25},"end":{"line":159,"column":64}},"71":{"start":{"line":160,"column":4},"end":{"line":168,"column":6}},"72":{"start":{"line":161,"column":27},"end":{"line":161,"column":45}},"73":{"start":{"line":162,"column":8},"end":{"line":167,"column":10}},"74":{"start":{"line":163,"column":12},"end":{"line":163,"column":31}},"75":{"start":{"line":164,"column":12},"end":{"line":164,"column":41}},"76":{"start":{"line":165,"column":32},"end":{"line":165,"column":60}},"77":{"start":{"line":166,"column":12},"end":{"line":166,"column":67}},"78":{"start":{"line":172,"column":23},"end":{"line":172,"column":61}},"79":{"start":{"line":173,"column":4},"end":{"line":177,"column":6}},"80":{"start":{"line":183,"column":4},"end":{"line":190,"column":5}},"81":{"start":{"line":183,"column":17},"end":{"line":183,"column":18}},"82":{"start":{"line":184,"column":24},"end":{"line":184,"column":35}},"83":{"start":{"line":185,"column":30},"end":{"line":187,"column":35}},"84":{"start":{"line":189,"column":8},"end":{"line":189,"column":68}},"85":{"start":{"line":196,"column":0},"end":{"line":200,"column":1}}},"fnMap":{"0":{"name":"CreatePostEntry","decl":{"start":{"line":7,"column":9},"end":{"line":7,"column":24}},"loc":{"start":{"line":7,"column":55},"end":{"line":15,"column":1}},"line":7},"1":{"name":"CreateComment","decl":{"start":{"line":17,"column":9},"end":{"line":17,"column":22}},"loc":{"start":{"line":17,"column":44},"end":{"line":22,"column":1}},"line":17},"2":{"name":"(anonymous_2)","decl":{"start":{"line":26,"column":39},"end":{"line":26,"column":40}},"loc":{"start":{"line":26,"column":44},"end":{"line":39,"column":1}},"line":26},"3":{"name":"getPosts","decl":{"start":{"line":43,"column":9},"end":{"line":43,"column":17}},"loc":{"start":{"line":43,"column":21},"end":{"line":47,"column":1}},"line":43},"4":{"name":"(anonymous_4)","decl":{"start":{"line":45,"column":14},"end":{"line":45,"column":15}},"loc":{"start":{"line":45,"column":22},"end":{"line":45,"column":33}},"line":45},"5":{"name":"displayPosts","decl":{"start":{"line":51,"column":9},"end":{"line":51,"column":21}},"loc":{"start":{"line":51,"column":29},"end":{"line":90,"column":1}},"line":51},"6":{"name":"activateEmojiButtons","decl":{"start":{"line":92,"column":9},"end":{"line":92,"column":29}},"loc":{"start":{"line":92,"column":31},"end":{"line":147,"column":1}},"line":92},"7":{"name":"(anonymous_7)","decl":{"start":{"line":98,"column":22},"end":{"line":98,"column":23}},"loc":{"start":{"line":98,"column":29},"end":{"line":146,"column":5}},"line":98},"8":{"name":"(anonymous_8)","decl":{"start":{"line":102,"column":38},"end":{"line":102,"column":39}},"loc":{"start":{"line":102,"column":43},"end":{"line":120,"column":9}},"line":102},"9":{"name":"addEmojiListeners","decl":{"start":{"line":122,"column":17},"end":{"line":122,"column":34}},"loc":{"start":{"line":122,"column":41},"end":{"line":143,"column":9}},"line":122},"10":{"name":"(anonymous_10)","decl":{"start":{"line":126,"column":27},"end":{"line":126,"column":28}},"loc":{"start":{"line":126,"column":36},"end":{"line":141,"column":13}},"line":126},"11":{"name":"(anonymous_11)","decl":{"start":{"line":127,"column":48},"end":{"line":127,"column":49}},"loc":{"start":{"line":127,"column":53},"end":{"line":139,"column":17}},"line":127},"12":{"name":"displayEmojis","decl":{"start":{"line":149,"column":9},"end":{"line":149,"column":22}},"loc":{"start":{"line":149,"column":41},"end":{"line":156,"column":1}},"line":149},"13":{"name":"activateCommentButtons","decl":{"start":{"line":158,"column":9},"end":{"line":158,"column":31}},"loc":{"start":{"line":158,"column":34},"end":{"line":169,"column":1}},"line":158},"14":{"name":"(anonymous_14)","decl":{"start":{"line":160,"column":25},"end":{"line":160,"column":26}},"loc":{"start":{"line":160,"column":33},"end":{"line":168,"column":5}},"line":160},"15":{"name":"(anonymous_15)","decl":{"start":{"line":162,"column":40},"end":{"line":162,"column":41}},"loc":{"start":{"line":162,"column":45},"end":{"line":167,"column":9}},"line":162},"16":{"name":"postComment","decl":{"start":{"line":171,"column":9},"end":{"line":171,"column":20}},"loc":{"start":{"line":171,"column":43},"end":{"line":178,"column":1}},"line":171},"17":{"name":"displayComments","decl":{"start":{"line":181,"column":9},"end":{"line":181,"column":24}},"loc":{"start":{"line":181,"column":52},"end":{"line":192,"column":1}},"line":181}},"branchMap":{"0":{"loc":{"start":{"line":65,"column":14},"end":{"line":67,"column":18}},"type":"cond-expr","locations":[{"start":{"line":65,"column":26},"end":{"line":67,"column":12}},{"start":{"line":67,"column":16},"end":{"line":67,"column":18}}],"line":65},"1":{"loc":{"start":{"line":66,"column":24},"end":{"line":66,"column":44}},"type":"binary-expr","locations":[{"start":{"line":66,"column":24},"end":{"line":66,"column":32}},{"start":{"line":66,"column":36},"end":{"line":66,"column":44}}],"line":66},"2":{"loc":{"start":{"line":106,"column":12},"end":{"line":119,"column":64}},"type":"if","locations":[{"start":{"line":106,"column":12},"end":{"line":119,"column":64}},{"start":{"line":114,"column":17},"end":{"line":119,"column":64}}],"line":106},"3":{"loc":{"start":{"line":114,"column":17},"end":{"line":119,"column":64}},"type":"if","locations":[{"start":{"line":114,"column":17},"end":{"line":119,"column":64}},{"start":{"line":119,"column":17},"end":{"line":119,"column":64}}],"line":114},"4":{"loc":{"start":{"line":114,"column":20},"end":{"line":114,"column":75}},"type":"binary-expr","locations":[{"start":{"line":114,"column":21},"end":{"line":114,"column":61}},{"start":{"line":114,"column":66},"end":{"line":114,"column":75}}],"line":114}},"s":{"0":1,"1":1,"2":1,"3":1,"4":1,"5":1,"6":1,"7":1,"8":1,"9":1,"10":1,"11":1,"12":1,"13":1,"14":0,"15":0,"16":0,"17":0,"18":0,"19":0,"20":0,"21":0,"22":3,"23":3,"24":3,"25":3,"26":3,"27":3,"28":3,"29":3,"30":3,"31":3,"32":3,"33":3,"34":3,"35":0,"36":0,"37":0,"38":0,"39":0,"40":0,"41":0,"42":0,"43":0,"44":0,"45":0,"46":0,"47":0,"48":0,"49":0,"50":0,"51":0,"52":0,"53":0,"54":0,"55":0,"56":0,"57":0,"58":0,"59":0,"60":0,"61":0,"62":0,"63":0,"64":3,"65":3,"66":3,"67":9,"68":3,"69":3,"70":0,"71":0,"72":0,"73":0,"74":0,"75":0,"76":0,"77":0,"78":0,"79":0,"80":3,"81":3,"82":6,"83":6,"84":6,"85":1},"f":{"0":1,"1":1,"2":0,"3":0,"4":0,"5":3,"6":0,"7":0,"8":0,"9":0,"10":0,"11":0,"12":3,"13":0,"14":0,"15":0,"16":0,"17":3},"b":{"0":[0,3],"1":[0,0],"2":[0,0],"3":[0,0],"4":[0,0]},"_coverageSchema":"1a1c01bbd47fc00a2c39e90264f33305004495a9","hash":"e8b9f02106463cfdae2a2b1bd75e46a5b441138c"}
}
