{"D:\\futureproof\\LAP1\\fp_lap1_project\\WordPush_test_jdom\\dist\\assets\\js\\script.js": {"path":"D:\\futureproof\\LAP1\\fp_lap1_project\\WordPush_test_jdom\\dist\\assets\\js\\script.js","statementMap":{"0":{"start":{"line":1,"column":20},"end":{"line":1,"column":55}},"1":{"start":{"line":2,"column":19},"end":{"line":2,"column":62}},"2":{"start":{"line":9,"column":4},"end":{"line":9,"column":21}},"3":{"start":{"line":10,"column":4},"end":{"line":10,"column":27}},"4":{"start":{"line":11,"column":4},"end":{"line":11,"column":25}},"5":{"start":{"line":12,"column":4},"end":{"line":12,"column":22}},"6":{"start":{"line":13,"column":4},"end":{"line":13,"column":16}},"7":{"start":{"line":14,"column":4},"end":{"line":14,"column":23}},"8":{"start":{"line":15,"column":4},"end":{"line":15,"column":28}},"9":{"start":{"line":19,"column":4},"end":{"line":19,"column":24}},"10":{"start":{"line":20,"column":4},"end":{"line":20,"column":28}},"11":{"start":{"line":21,"column":4},"end":{"line":21,"column":25}},"12":{"start":{"line":22,"column":4},"end":{"line":22,"column":19}},"13":{"start":{"line":27,"column":0},"end":{"line":39,"column":3}},"14":{"start":{"line":29,"column":22},"end":{"line":29,"column":67}},"15":{"start":{"line":30,"column":21},"end":{"line":30,"column":65}},"16":{"start":{"line":31,"column":16},"end":{"line":31,"column":83}},"17":{"start":{"line":33,"column":21},"end":{"line":33,"column":66}},"18":{"start":{"line":34,"column":4},"end":{"line":38,"column":6}},"19":{"start":{"line":43,"column":3},"end":{"line":45,"column":27}},"20":{"start":{"line":44,"column":22},"end":{"line":44,"column":33}},"21":{"start":{"line":51,"column":4},"end":{"line":51,"column":22}},"22":{"start":{"line":52,"column":4},"end":{"line":83,"column":5}},"23":{"start":{"line":52,"column":17},"end":{"line":52,"column":18}},"24":{"start":{"line":53,"column":8},"end":{"line":53,"column":29}},"25":{"start":{"line":54,"column":21},"end":{"line":54,"column":28}},"26":{"start":{"line":55,"column":33},"end":{"line":55,"column":47}},"27":{"start":{"line":56,"column":32},"end":{"line":56,"column":52}},"28":{"start":{"line":57,"column":23},"end":{"line":74,"column":15}},"29":{"start":{"line":76,"column":8},"end":{"line":76,"column":61}},"30":{"start":{"line":78,"column":25},"end":{"line":78,"column":38}},"31":{"start":{"line":79,"column":31},"end":{"line":79,"column":77}},"32":{"start":{"line":81,"column":8},"end":{"line":81,"column":49}},"33":{"start":{"line":82,"column":8},"end":{"line":82,"column":75}},"34":{"start":{"line":85,"column":4},"end":{"line":85,"column":28}},"35":{"start":{"line":86,"column":4},"end":{"line":86,"column":26}},"36":{"start":{"line":90,"column":22},"end":{"line":90,"column":71}},"37":{"start":{"line":91,"column":20},"end":{"line":91,"column":25}},"38":{"start":{"line":92,"column":24},"end":{"line":92,"column":25}},"39":{"start":{"line":93,"column":16},"end":{"line":93,"column":17}},"40":{"start":{"line":95,"column":4},"end":{"line":143,"column":6}},"41":{"start":{"line":96,"column":8},"end":{"line":96,"column":56}},"42":{"start":{"line":99,"column":8},"end":{"line":117,"column":10}},"43":{"start":{"line":101,"column":12},"end":{"line":101,"column":35}},"44":{"start":{"line":103,"column":12},"end":{"line":116,"column":64}},"45":{"start":{"line":104,"column":31},"end":{"line":106,"column":22}},"46":{"start":{"line":107,"column":16},"end":{"line":107,"column":88}},"47":{"start":{"line":108,"column":16},"end":{"line":108,"column":57}},"48":{"start":{"line":111,"column":17},"end":{"line":116,"column":64}},"49":{"start":{"line":112,"column":16},"end":{"line":112,"column":69}},"50":{"start":{"line":113,"column":16},"end":{"line":113,"column":63}},"51":{"start":{"line":114,"column":16},"end":{"line":114,"column":34}},"52":{"start":{"line":116,"column":17},"end":{"line":116,"column":64}},"53":{"start":{"line":120,"column":12},"end":{"line":120,"column":29}},"54":{"start":{"line":121,"column":12},"end":{"line":121,"column":48}},"55":{"start":{"line":122,"column":12},"end":{"line":122,"column":31}},"56":{"start":{"line":123,"column":12},"end":{"line":138,"column":14}},"57":{"start":{"line":124,"column":16},"end":{"line":137,"column":13}},"58":{"start":{"line":125,"column":20},"end":{"line":125,"column":42}},"59":{"start":{"line":126,"column":20},"end":{"line":126,"column":50}},"60":{"start":{"line":127,"column":20},"end":{"line":127,"column":97}},"61":{"start":{"line":128,"column":20},"end":{"line":135,"column":58}},"62":{"start":{"line":142,"column":8},"end":{"line":142,"column":16}},"63":{"start":{"line":147,"column":17},"end":{"line":147,"column":23}},"64":{"start":{"line":148,"column":4},"end":{"line":150,"column":5}},"65":{"start":{"line":148,"column":17},"end":{"line":148,"column":18}},"66":{"start":{"line":149,"column":8},"end":{"line":149,"column":65}},"67":{"start":{"line":151,"column":4},"end":{"line":151,"column":21}},"68":{"start":{"line":152,"column":4},"end":{"line":152,"column":51}},"69":{"start":{"line":156,"column":25},"end":{"line":156,"column":64}},"70":{"start":{"line":157,"column":4},"end":{"line":165,"column":6}},"71":{"start":{"line":158,"column":27},"end":{"line":158,"column":45}},"72":{"start":{"line":159,"column":8},"end":{"line":164,"column":10}},"73":{"start":{"line":160,"column":12},"end":{"line":160,"column":31}},"74":{"start":{"line":161,"column":12},"end":{"line":161,"column":41}},"75":{"start":{"line":162,"column":32},"end":{"line":162,"column":60}},"76":{"start":{"line":163,"column":12},"end":{"line":163,"column":67}},"77":{"start":{"line":169,"column":23},"end":{"line":169,"column":61}},"78":{"start":{"line":170,"column":4},"end":{"line":174,"column":6}},"79":{"start":{"line":180,"column":4},"end":{"line":187,"column":5}},"80":{"start":{"line":180,"column":17},"end":{"line":180,"column":18}},"81":{"start":{"line":181,"column":24},"end":{"line":181,"column":35}},"82":{"start":{"line":182,"column":30},"end":{"line":184,"column":35}},"83":{"start":{"line":186,"column":8},"end":{"line":186,"column":68}},"84":{"start":{"line":192,"column":0},"end":{"line":196,"column":1}}},"fnMap":{"0":{"name":"CreatePostEntry","decl":{"start":{"line":8,"column":9},"end":{"line":8,"column":24}},"loc":{"start":{"line":8,"column":55},"end":{"line":16,"column":1}},"line":8},"1":{"name":"CreateComment","decl":{"start":{"line":18,"column":9},"end":{"line":18,"column":22}},"loc":{"start":{"line":18,"column":44},"end":{"line":23,"column":1}},"line":18},"2":{"name":"(anonymous_2)","decl":{"start":{"line":27,"column":39},"end":{"line":27,"column":40}},"loc":{"start":{"line":27,"column":44},"end":{"line":39,"column":1}},"line":27},"3":{"name":"getPosts","decl":{"start":{"line":42,"column":9},"end":{"line":42,"column":17}},"loc":{"start":{"line":42,"column":21},"end":{"line":46,"column":1}},"line":42},"4":{"name":"(anonymous_4)","decl":{"start":{"line":44,"column":14},"end":{"line":44,"column":15}},"loc":{"start":{"line":44,"column":22},"end":{"line":44,"column":33}},"line":44},"5":{"name":"displayPosts","decl":{"start":{"line":50,"column":9},"end":{"line":50,"column":21}},"loc":{"start":{"line":50,"column":29},"end":{"line":87,"column":1}},"line":50},"6":{"name":"activateEmojiButtons","decl":{"start":{"line":89,"column":9},"end":{"line":89,"column":29}},"loc":{"start":{"line":89,"column":31},"end":{"line":144,"column":1}},"line":89},"7":{"name":"(anonymous_7)","decl":{"start":{"line":95,"column":22},"end":{"line":95,"column":23}},"loc":{"start":{"line":95,"column":29},"end":{"line":143,"column":5}},"line":95},"8":{"name":"(anonymous_8)","decl":{"start":{"line":99,"column":38},"end":{"line":99,"column":39}},"loc":{"start":{"line":99,"column":43},"end":{"line":117,"column":9}},"line":99},"9":{"name":"addEmojiListeners","decl":{"start":{"line":119,"column":17},"end":{"line":119,"column":34}},"loc":{"start":{"line":119,"column":41},"end":{"line":140,"column":9}},"line":119},"10":{"name":"(anonymous_10)","decl":{"start":{"line":123,"column":27},"end":{"line":123,"column":28}},"loc":{"start":{"line":123,"column":36},"end":{"line":138,"column":13}},"line":123},"11":{"name":"(anonymous_11)","decl":{"start":{"line":124,"column":48},"end":{"line":124,"column":49}},"loc":{"start":{"line":124,"column":53},"end":{"line":136,"column":17}},"line":124},"12":{"name":"displayEmojis","decl":{"start":{"line":146,"column":9},"end":{"line":146,"column":22}},"loc":{"start":{"line":146,"column":41},"end":{"line":153,"column":1}},"line":146},"13":{"name":"activateCommentButtons","decl":{"start":{"line":155,"column":9},"end":{"line":155,"column":31}},"loc":{"start":{"line":155,"column":34},"end":{"line":166,"column":1}},"line":155},"14":{"name":"(anonymous_14)","decl":{"start":{"line":157,"column":25},"end":{"line":157,"column":26}},"loc":{"start":{"line":157,"column":33},"end":{"line":165,"column":5}},"line":157},"15":{"name":"(anonymous_15)","decl":{"start":{"line":159,"column":40},"end":{"line":159,"column":41}},"loc":{"start":{"line":159,"column":45},"end":{"line":164,"column":9}},"line":159},"16":{"name":"postComment","decl":{"start":{"line":168,"column":9},"end":{"line":168,"column":20}},"loc":{"start":{"line":168,"column":43},"end":{"line":175,"column":1}},"line":168},"17":{"name":"displayComments","decl":{"start":{"line":178,"column":9},"end":{"line":178,"column":24}},"loc":{"start":{"line":178,"column":52},"end":{"line":188,"column":1}},"line":178}},"branchMap":{"0":{"loc":{"start":{"line":65,"column":14},"end":{"line":67,"column":18}},"type":"cond-expr","locations":[{"start":{"line":65,"column":26},"end":{"line":67,"column":12}},{"start":{"line":67,"column":16},"end":{"line":67,"column":18}}],"line":65},"1":{"loc":{"start":{"line":66,"column":24},"end":{"line":66,"column":44}},"type":"binary-expr","locations":[{"start":{"line":66,"column":24},"end":{"line":66,"column":32}},{"start":{"line":66,"column":36},"end":{"line":66,"column":44}}],"line":66},"2":{"loc":{"start":{"line":103,"column":12},"end":{"line":116,"column":64}},"type":"if","locations":[{"start":{"line":103,"column":12},"end":{"line":116,"column":64}},{"start":{"line":111,"column":17},"end":{"line":116,"column":64}}],"line":103},"3":{"loc":{"start":{"line":111,"column":17},"end":{"line":116,"column":64}},"type":"if","locations":[{"start":{"line":111,"column":17},"end":{"line":116,"column":64}},{"start":{"line":116,"column":17},"end":{"line":116,"column":64}}],"line":111},"4":{"loc":{"start":{"line":111,"column":20},"end":{"line":111,"column":75}},"type":"binary-expr","locations":[{"start":{"line":111,"column":21},"end":{"line":111,"column":61}},{"start":{"line":111,"column":66},"end":{"line":111,"column":75}}],"line":111}},"s":{"0":1,"1":1,"2":0,"3":0,"4":0,"5":0,"6":0,"7":0,"8":0,"9":0,"10":0,"11":0,"12":0,"13":1,"14":0,"15":0,"16":0,"17":0,"18":0,"19":0,"20":0,"21":0,"22":0,"23":0,"24":0,"25":0,"26":0,"27":0,"28":0,"29":0,"30":0,"31":0,"32":0,"33":0,"34":0,"35":0,"36":0,"37":0,"38":0,"39":0,"40":0,"41":0,"42":0,"43":0,"44":0,"45":0,"46":0,"47":0,"48":0,"49":0,"50":0,"51":0,"52":0,"53":0,"54":0,"55":0,"56":0,"57":0,"58":0,"59":0,"60":0,"61":0,"62":0,"63":0,"64":0,"65":0,"66":0,"67":0,"68":0,"69":0,"70":0,"71":0,"72":0,"73":0,"74":0,"75":0,"76":0,"77":0,"78":0,"79":0,"80":0,"81":0,"82":0,"83":0,"84":1},"f":{"0":0,"1":0,"2":0,"3":0,"4":0,"5":0,"6":0,"7":0,"8":0,"9":0,"10":0,"11":0,"12":0,"13":0,"14":0,"15":0,"16":0,"17":0},"b":{"0":[0,0],"1":[0,0],"2":[0,0],"3":[0,0],"4":[0,0]},"_coverageSchema":"1a1c01bbd47fc00a2c39e90264f33305004495a9","hash":"f36cfb6857728ce08858f362d2e8fd1094ce3bc0"}
}
