TN:
SF:dist\assets\js\script.js
FN:4,CreatePostEntry
FN:14,CreateComment
FN:23,(anonymous_2)
FN:38,getPosts
FN:40,(anonymous_4)
FN:46,displayPosts
FN:84,activateEmojiButtons
FN:90,(anonymous_7)
FN:94,(anonymous_8)
FN:111,addEmojiListeners
FN:113,(anonymous_10)
FN:114,(anonymous_11)
FN:133,displayEmojis
FN:143,activateCommentButtons
FN:145,(anonymous_14)
FN:147,(anonymous_15)
FN:156,postComment
FN:166,displayComments
FNF:18
FNH:5
FNDA:1,CreatePostEntry
FNDA:1,CreateComment
FNDA:0,(anonymous_2)
FNDA:0,getPosts
FNDA:0,(anonymous_4)
FNDA:3,displayPosts
FNDA:0,activateEmojiButtons
FNDA:0,(anonymous_7)
FNDA:0,(anonymous_8)
FNDA:0,addEmojiListeners
FNDA:0,(anonymous_10)
FNDA:0,(anonymous_11)
FNDA:4,displayEmojis
FNDA:0,activateCommentButtons
FNDA:0,(anonymous_14)
FNDA:0,(anonymous_15)
FNDA:0,postComment
FNDA:3,displayComments
DA:1,1
DA:2,1
DA:5,1
DA:6,1
DA:7,1
DA:8,1
DA:9,1
DA:10,1
DA:11,1
DA:15,1
DA:16,1
DA:17,1
DA:18,1
DA:23,1
DA:25,0
DA:26,0
DA:27,0
DA:29,0
DA:30,0
DA:39,0
DA:40,0
DA:47,3
DA:48,3
DA:49,3
DA:50,3
DA:51,3
DA:70,3
DA:72,3
DA:73,3
DA:75,3
DA:76,3
DA:77,3
DA:80,0
DA:81,0
DA:85,0
DA:86,0
DA:87,0
DA:88,0
DA:90,0
DA:91,0
DA:94,0
DA:95,0
DA:96,0
DA:97,0
DA:100,0
DA:101,0
DA:104,0
DA:105,0
DA:106,0
DA:108,0
DA:112,0
DA:113,0
DA:114,0
DA:115,0
DA:129,0
DA:134,4
DA:135,4
DA:136,12
DA:138,4
DA:139,4
DA:140,4
DA:144,0
DA:145,0
DA:146,0
DA:147,0
DA:148,0
DA:149,0
DA:150,0
DA:151,0
DA:157,0
DA:158,0
DA:168,3
DA:169,6
DA:170,6
DA:174,6
DA:180,1
LF:76
LH:36
BRDA:59,0,0,0
BRDA:59,0,1,3
BRDA:60,1,0,0
BRDA:60,1,1,0
BRDA:96,2,0,0
BRDA:96,2,1,0
BRDA:104,3,0,0
BRDA:104,3,1,0
BRDA:104,4,0,0
BRDA:104,4,1,0
BRF:10
BRH:1
end_of_record
