TN:
SF:dist\assets\js\script.js
FN:8,CreatePostEntry
FN:18,CreateComment
FN:27,(anonymous_2)
FN:42,getPosts
FN:44,(anonymous_4)
FN:50,displayPosts
FN:89,activateEmojiButtons
FN:95,(anonymous_7)
FN:99,(anonymous_8)
FN:119,addEmojiListeners
FN:123,(anonymous_10)
FN:124,(anonymous_11)
FN:146,displayEmojis
FN:155,activateCommentButtons
FN:157,(anonymous_14)
FN:159,(anonymous_15)
FN:168,postComment
FN:178,displayComments
FNF:18
FNH:0
FNDA:0,CreatePostEntry
FNDA:0,CreateComment
FNDA:0,(anonymous_2)
FNDA:0,getPosts
FNDA:0,(anonymous_4)
FNDA:0,displayPosts
FNDA:0,activateEmojiButtons
FNDA:0,(anonymous_7)
FNDA:0,(anonymous_8)
FNDA:0,addEmojiListeners
FNDA:0,(anonymous_10)
FNDA:0,(anonymous_11)
FNDA:0,displayEmojis
FNDA:0,activateCommentButtons
FNDA:0,(anonymous_14)
FNDA:0,(anonymous_15)
FNDA:0,postComment
FNDA:0,displayComments
DA:1,1
DA:2,1
DA:9,0
DA:10,0
DA:11,0
DA:12,0
DA:13,0
DA:14,0
DA:15,0
DA:19,0
DA:20,0
DA:21,0
DA:22,0
DA:27,1
DA:29,0
DA:30,0
DA:31,0
DA:33,0
DA:34,0
DA:43,0
DA:44,0
DA:51,0
DA:52,0
DA:53,0
DA:54,0
DA:55,0
DA:56,0
DA:57,0
DA:76,0
DA:78,0
DA:79,0
DA:81,0
DA:82,0
DA:85,0
DA:86,0
DA:90,0
DA:91,0
DA:92,0
DA:93,0
DA:95,0
DA:96,0
DA:99,0
DA:101,0
DA:103,0
DA:104,0
DA:107,0
DA:108,0
DA:111,0
DA:112,0
DA:113,0
DA:114,0
DA:116,0
DA:120,0
DA:121,0
DA:122,0
DA:123,0
DA:124,0
DA:125,0
DA:126,0
DA:127,0
DA:128,0
DA:142,0
DA:147,0
DA:148,0
DA:149,0
DA:151,0
DA:152,0
DA:156,0
DA:157,0
DA:158,0
DA:159,0
DA:160,0
DA:161,0
DA:162,0
DA:163,0
DA:169,0
DA:170,0
DA:180,0
DA:181,0
DA:182,0
DA:186,0
DA:192,1
LF:82
LH:4
BRDA:65,0,0,0
BRDA:65,0,1,0
BRDA:66,1,0,0
BRDA:66,1,1,0
BRDA:103,2,0,0
BRDA:103,2,1,0
BRDA:111,3,0,0
BRDA:111,3,1,0
BRDA:111,4,0,0
BRDA:111,4,1,0
BRF:10
BRH:0
end_of_record
